
<!DOCTYPE html>
<html>


<head>
	<meta charset='UTF-8' /> 
	<meta name='description' content='' />
	<meta name='robots' content='noodp, noydir' />
	<meta name='viewport' content='width=device-width, initial-scale=1' />
	<meta id="timeStampFormat" name="timeStampFormat" content='MMM d, yyyy hh:mm:ss a'/>
	
	<link href='https://fonts.googleapis.com/css?family=Source+Sans+Pro:400,600' rel='stylesheet' type='text/css'>
	<link href="https://fonts.googleapis.com/icon?family=Material+Icons" rel="stylesheet">

		<link href='https://cdn.rawgit.com/anshooarora/extentreports-java/b4a58fcfd1e137bd9287244035a7c80d3d73b3af/dist/css/extent.css' type='text/css' rel='stylesheet' />
	
	<title>NopCommerce - Cucumber Framework</title>

	<style type='text/css'>
			
            

      
        
	</style>
</head>

	<body class='extent dark default hide-overflow bdd-report'>
		<div id='theme-selector' alt='Click to toggle theme. To enable by default, use theme configuration.' title='Click to toggle theme. To enable by default, use theme configuration.'>
			<span><i class='material-icons'>desktop_windows</i></span>
		</div>

<nav>
	<div class="nav-wrapper">
		<a href="#!" class="brand-logo blue darken-3">Extent</a>

		<!-- slideout menu -->
		<ul id='slide-out' class='side-nav fixed hide-on-med-and-down'>
			<li class='waves-effect active'><a href='#!' view='test-view' onclick="configureView(0);chartsView('test');"><i class='material-icons'>dashboard</i></a></li>
						<li class='waves-effect'><a href='#!' view='category-view' onclick="configureView(1)"><i class='material-icons'>label_outline</i></a></li>
			<li class='waves-effect'><a href='#!' view='exception-view' onclick="configureView(2)"><i class='material-icons'>bug_report</i></a></li>
			<li class='waves-effect'><a href='#!' onclick="configureView(-1);chartsView('dashboard');" view='dashboard-view'><i class='material-icons'>track_changes</i></i></a></li>
		</ul>

		<!-- report name -->
		<span class='report-name'>Cucumber Report</span>
		
		<!-- report headline -->
		<span class='report-headline'></span>

		<!-- nav-right -->
		<ul id='nav-mobile' class='right hide-on-med-and-down nav-right'>
			<li>
                <a href='#!'>
                    <span class='label suite-start-time blue darken-3'>Dec 19, 2022 10:00:42 PM</span>
				</a>
			</li>
			<li>
                <a href='#!'>
                    <span class='label blue darken-3'>3.1.2</span>
				</a>
			</li>
		</ul>
	</div>
</nav>

		<!-- container -->
		<div class='container'>

<div id='test-view' class='view'>
				
	<section id='controls'>
		<div class='controls grey lighten-4'>
			<!-- test toggle -->
			<div class='chip transparent'>
				<a class='dropdown-button tests-toggle' data-activates='tests-toggle' data-constrainwidth='true' data-beloworigin='true' data-hover='true' href='#'>
					<i class='material-icons'>warning</i> Status
				</a>
				<ul id='tests-toggle' class='dropdown-content'>
											<li status='pass'><a href='#!'>Pass <i class='material-icons green-text'>check_circle</i></a></li>
						<li status='fail'><a href='#!'>Fail <i class='material-icons red-text'>cancel</i></a></li>
						<li status='skip'><a href='#!'>Skip <i class='material-icons cyan-text'>redo</i></a></li>
					<li class='divider'></li>
					<li status='clear' clear='true'><a href='#!'>Clear Filters <i class='material-icons'>clear</i></a></li>
				</ul>
			</div>
			<!-- test toggle -->

			<!-- category toggle -->
			<div class='chip transparent'>
				<a class='dropdown-button category-toggle' data-activates='category-toggle' data-constrainwidth='false' data-beloworigin='true' data-hover='true' href='#'>
					<i class='material-icons'>local_offer</i> Category
				</a>
				<ul id='category-toggle' class='dropdown-content'>
					<li><a href='#'>@smoke</a></li>
					<li><a href='#'>@regression</a></li>
					<li><a href='#'>@sanity</a></li>
					<li class='divider'></li>
					<li class='clear'><a href='#!' clear='true'>Clear Filters</a></li>
				</ul>
			</div>
			<!-- category toggle -->

			<!-- clear filters -->
			<div class='chip transparent hide'>
				<a class='' id='clear-filters' alt='Clear Filters' title='Clear Filters'>
					<i class='material-icons'>close</i> Clear
				</a>
			</div>
			<!-- clear filters -->

			<!-- enable dashboard -->
			<div id='toggle-test-view-charts' class='chip transparent'>
				<a class='pink-text' id='enable-dashboard' alt='Enable Dashboard' title='Enable Dashboard'>
					<i class='material-icons'>track_changes</i> Dashboard
				</a>
			</div>
			<!-- enable dashboard -->

			<!-- search -->
			<div class='chip transparent' alt='Search Tests' title='Search Tests'>
				<a href="#" class='search-div'>
					<i class='material-icons'>search</i> Search
				</a>

				<div class='input-field left hide'>
					<input id='search-tests' type='text' class='validate browser-default' placeholder='Search Tests...'>
				</div>
				
			</div>
			<!-- search -->
		</div>
	</section>


<div id='test-view-charts' class='subview-full'>
	<div id='charts-row' class='row nm-v nm-h'>
		<div class='col s12 m4 l4 np-h'>
			<div class='card-panel nm-v'>
				<div class='left panel-name'>Features</div>
				<div class='chart-box'>
					<canvas id='parent-analysis' width='100' height='80'></canvas>
				</div>
				<div class='block text-small'>
					<span class='tooltipped' data-position='top' data-tooltip='33.333%'><span class='strong'>1</span> feature(s) passed</span>
				</div>
				<div class='block text-small'>
					<span class='strong tooltipped' data-position='top' data-tooltip='66.667%'>2</span> feature(s) failed, <span class='strong tooltipped' data-position='top' data-tooltip='0%'>0</span> others
				</div>
			</div>
		</div>
		
		<div class='col s12 m4 l4 np-h'>
			<div class='card-panel nm-v'>
				<div class='left panel-name'>Scenarios</div>
				<div class='chart-box'>
					<canvas id='child-analysis' width='100' height='80'></canvas>
				</div>
				<div class='block text-small'>
					<span class='tooltipped' data-position='top' data-tooltip='71.429%'><span class='strong'>5</span> scenario(s) passed</span>
				</div>
				<div class='block text-small'>
					<span class='strong tooltipped' data-position='top' data-tooltip='28.571%'>2</span> scenario(s) failed, <span class='strong tooltipped' data-position='top' data-tooltip='0%'>0</span> others
				</div>
			</div>
		</div>
		
		<div class='col s12 m4 l4 np-h'>
			<div class='card-panel nm-v'>
				<div class='left panel-name'>Steps</div>
				<div class='chart-box'>
					<canvas id='grandchild-analysis' width='100' height='80'></canvas>
				</div>
				<div class='block text-small'>
					<span class='tooltipped' data-position='top' data-tooltip='69.048%'><span class='strong'>29</span> step(s) passed</span>
				</div>
				<div class='block text-small'>
					<span class='strong tooltipped' data-position='top' data-tooltip='4.762%'>2</span> step(s) failed, <span class='strong tooltipped' data-position='top' data-tooltip='26.19%'>11</span> others
				</div>
			</div>
		</div>
	</div>
</div>

	<div class='subview-left left'>
		
		<div class='view-summary'>
			<h5>Features</h5>
			<ul id='test-collection' class='test-collection'>
				
				
				<li class='test displayed active has-leaf pass' status='pass' bdd='true' test-id='1'>
					<div class='test-heading'>
						<span class='test-name'>Computer Test</span>
						<span class='test-time'>Dec 19, 2022 10:00:42 PM</span>
						<span class='test-status right pass'>pass</span>
					</div>
					<div class='test-content hide'>
<div class='scenario node' test-id='2' status='pass'>
	<div class='category-list'>
		<span class='category label white-text'>@smoke</span>
		<span class='category label white-text'>@regression</span>
	</div>
	<span class='duration right label'>0h 0m 9s+488ms</span>
	<div class='desc'>
		<b>Scenario</b>
		<span class="desc-text">User should navigate to computer successfully</span>
	</div>
	<ul class='steps'>
		<li test-id='3' class='node when pass' status='pass'>
			
			<b>When</b>
			
			<span class="bdd-step-name">When I am on homepage</span>
				<div class='pre'>passed</div>
			
		</li>
		<li test-id='4' class='node and pass' status='pass'>
			
			<b>And</b>
			
			<span class="bdd-step-name">And I click on Menu Tab "Computers"</span>
				<div class='pre'>passed</div>
			
		</li>
		<li test-id='5' class='node then pass' status='pass'>
			
			<b>Then</b>
			
			<span class="bdd-step-name">Then User should navigate on Computer page successfully</span>
				<div class='pre'>passed</div>
			
		</li>
	</ul>
</div>
<div class='scenario node' test-id='6' status='pass'>
	<div class='category-list'>
		<span class='category label white-text'>@sanity</span>
		<span class='category label white-text'>@regression</span>
	</div>
	<span class='duration right label'>0h 0m 4s+286ms</span>
	<div class='desc'>
		<b>Scenario</b>
		<span class="desc-text">User should navigate to desktops page successfully</span>
	</div>
	<ul class='steps'>
		<li test-id='7' class='node when pass' status='pass'>
			
			<b>When</b>
			
			<span class="bdd-step-name">When I am on homepage</span>
				<div class='pre'>passed</div>
			
		</li>
		<li test-id='8' class='node and pass' status='pass'>
			
			<b>And</b>
			
			<span class="bdd-step-name">And I click on Menu Tab "Computers"</span>
				<div class='pre'>passed</div>
			
		</li>
		<li test-id='9' class='node and pass' status='pass'>
			
			<b>And</b>
			
			<span class="bdd-step-name">And I click on submenu "Desktops"</span>
				<div class='pre'>passed</div>
			
		</li>
		<li test-id='10' class='node then pass' status='pass'>
			
			<b>Then</b>
			
			<span class="bdd-step-name">Then User should navigate to Desktop page Successfully</span>
				<div class='pre'>passed</div>
			
		</li>
	</ul>
</div>
<div class='scenario node' test-id='11' status='pass'>
	<div class='category-list'>
		<span class='category label white-text'>@regression</span>
	</div>
	<span class='duration right label'>0h 0m 4s+299ms</span>
	<div class='desc'>
		<b>Scenario</b>
		<span class="desc-text">User should buid your own computer and add to cart successfully</span>
	</div>
	<ul class='steps'>
		<li test-id='12' class='node when pass' status='pass'>
			
			<b>When</b>
			
			<span class="bdd-step-name">When I am on homepage</span>
				<div class='pre'>passed</div>
			
		</li>
		<li test-id='13' class='node and pass' status='pass'>
			
			<b>And</b>
			
			<span class="bdd-step-name">And I click on Menu Tab "Computer"</span>
				<div class='pre'>passed</div>
			
		</li>
		<li test-id='14' class='node and pass' status='pass'>
			
			<b>And</b>
			
			<span class="bdd-step-name">And I click on submenu "Desktops"</span>
				<div class='pre'>passed</div>
			
		</li>
		<li test-id='15' class='node and pass' status='pass'>
			
			<b>And</b>
			
			<span class="bdd-step-name">And User select product "Build your own computer"</span>
				<div class='pre'>passed</div>
			
		</li>
		<li test-id='16' class='node and pass' status='pass'>
			
			<b>And</b>
			
			<span class="bdd-step-name">And User click on select Processor "<processor>"</span>
				<div class='pre'>passed</div>
			
		</li>
		<li test-id='17' class='node and pass' status='pass'>
			
			<b>And</b>
			
			<span class="bdd-step-name">And User click on select RAM "<ram>"</span>
				<div class='pre'>passed</div>
			
		</li>
		<li test-id='18' class='node and pass' status='pass'>
			
			<b>And</b>
			
			<span class="bdd-step-name">And User click on select HDD "<hdd>"</span>
				<div class='pre'>passed</div>
			
		</li>
		<li test-id='19' class='node and pass' status='pass'>
			
			<b>And</b>
			
			<span class="bdd-step-name">And User click on select OS "<os>"</span>
				<div class='pre'>passed</div>
			
		</li>
		<li test-id='20' class='node and pass' status='pass'>
			
			<b>And</b>
			
			<span class="bdd-step-name">And User click on select Software "<software>"</span>
				<div class='pre'>passed</div>
			
		</li>
		<li test-id='21' class='node and pass' status='pass'>
			
			<b>And</b>
			
			<span class="bdd-step-name">And User click on addtocart button</span>
				<div class='pre'>passed</div>
			
		</li>
		<li test-id='22' class='node then pass' status='pass'>
			
			<b>Then</b>
			
			<span class="bdd-step-name">Then User should see the product successfully added to the cart</span>
				<div class='pre'>passed</div>
			
		</li>
	</ul>
</div>
					</div>
				</li>
				
				
				<li class='test displayed active has-leaf fail' status='fail' bdd='true' test-id='23'>
					<div class='test-heading'>
						<span class='test-name'>Login Test</span>
						<span class='test-time'>Dec 19, 2022 10:01:04 PM</span>
						<span class='test-status right fail'>fail</span>
					</div>
					<div class='test-content hide'>
<div class='scenario node' test-id='24' status='fail'>
	<span class='duration right label'>0h 0m 24s+441ms</span>
	<div class='desc'>
		<b>Scenario</b>
		<span class="desc-text">User should login successfully with valid credentials</span>
	</div>
	<ul class='steps'>
		<li test-id='25' class='node given pass' status='pass'>
			
			<b>Given</b>
			
			<span class="bdd-step-name">Given I am on homepage</span>
				<div class='pre'>passed</div>
			
		</li>
		<li test-id='26' class='node when fail' status='fail'>
			
			<b>When</b>
			
			<span class="bdd-step-name">When I enter email "primeeight@gmail.com"</span>
				<div class='pre'><pre>org.openqa.selenium.NoSuchElementException: no such element: Unable to locate element: {"method":"css selector","selector":"#Email"}
  (Session info: chrome=108.0.5359.125)
For documentation on this error, please visit: https://selenium.dev/exceptions/#no_such_element
Build info: version: '4.6.0', revision: '79f1c02ae20'
System info: os.name: 'Windows 10', os.arch: 'amd64', os.version: '10.0', java.version: '11.0.13'
Driver info: org.openqa.selenium.chrome.ChromeDriver
Command: [91e77a8662d699a8c885cce25ff85de0, findElement {using=id, value=Email}]
Capabilities {acceptInsecureCerts: false, browserName: chrome, browserVersion: 108.0.5359.125, chrome: {chromedriverVersion: 108.0.5359.71 (1e0e3868ee06..., userDataDir: C:\Users\Nimisha\AppData\Lo...}, goog:chromeOptions: {debuggerAddress: localhost:2435}, networkConnectionEnabled: false, pageLoadStrategy: normal, platformName: WINDOWS, proxy: Proxy(), se:cdp: ws://localhost:2435/devtool..., se:cdpVersion: 108.0.5359.125, setWindowRect: true, strictFileInteractability: false, timeouts: {implicit: 0, pageLoad: 300000, script: 30000}, unhandledPromptBehavior: dismiss and notify, webauthn:extension:credBlob: true, webauthn:extension:largeBlob: true, webauthn:virtualAuthenticators: true}
Session ID: 91e77a8662d699a8c885cce25ff85de0
	at java.base/jdk.internal.reflect.NativeConstructorAccessorImpl.newInstance0(Native Method)
	at java.base/jdk.internal.reflect.NativeConstructorAccessorImpl.newInstance(NativeConstructorAccessorImpl.java:62)
	at java.base/jdk.internal.reflect.DelegatingConstructorAccessorImpl.newInstance(DelegatingConstructorAccessorImpl.java:45)
	at java.base/java.lang.reflect.Constructor.newInstance(Constructor.java:490)
	at org.openqa.selenium.remote.codec.w3c.W3CHttpResponseCodec.createException(W3CHttpResponseCodec.java:200)
	at org.openqa.selenium.remote.codec.w3c.W3CHttpResponseCodec.decode(W3CHttpResponseCodec.java:133)
	at org.openqa.selenium.remote.codec.w3c.W3CHttpResponseCodec.decode(W3CHttpResponseCodec.java:53)
	at org.openqa.selenium.remote.HttpCommandExecutor.execute(HttpCommandExecutor.java:184)
	at org.openqa.selenium.remote.service.DriverCommandExecutor.invokeExecute(DriverCommandExecutor.java:167)
	at org.openqa.selenium.remote.service.DriverCommandExecutor.execute(DriverCommandExecutor.java:142)
	at org.openqa.selenium.remote.RemoteWebDriver.execute(RemoteWebDriver.java:541)
	at org.openqa.selenium.remote.ElementLocation$ElementFinder$2.findElement(ElementLocation.java:162)
	at org.openqa.selenium.remote.ElementLocation.findElement(ElementLocation.java:66)
	at org.openqa.selenium.remote.RemoteWebDriver.findElement(RemoteWebDriver.java:365)
	at org.openqa.selenium.remote.RemoteWebDriver.findElement(RemoteWebDriver.java:357)
	at org.openqa.selenium.support.pagefactory.DefaultElementLocator.findElement(DefaultElementLocator.java:70)
	at org.openqa.selenium.support.pagefactory.internal.LocatingElementHandler.invoke(LocatingElementHandler.java:39)
	at com.sun.proxy.$Proxy26.sendKeys(Unknown Source)
	at com.nopcommerce.demo.utility.Utility.sendTextToElement(Utility.java:75)
	at com.nopcommerce.demo.pages.LoginPage.enterEmailId(LoginPage.java:51)
	at com.nopcommerce.demo.cucumber.steps.LoginStep.iEnterEmail(LoginStep.java:17)
	at ✽.When I enter email "primeeight@gmail.com"(LoginPageTest.feature:6)
</pre></div>
			
		</li>
		<li test-id='27' class='node and skip' status='skip'>
			
			<b>And</b>
			
			<span class="bdd-step-name">And I enter password "abc123"</span>
				<div class='pre'>skipped</div>
			
		</li>
		<li test-id='28' class='node and skip' status='skip'>
			
			<b>And</b>
			
			<span class="bdd-step-name">And I click on login button</span>
				<div class='pre'>skipped</div>
			
		</li>
		<li test-id='29' class='node then skip' status='skip'>
			
			<b>Then</b>
			
			<span class="bdd-step-name">Then I should login successfully</span>
			<ul class='screenshots right'>
				<li><a data-featherlight="image" href="C:\Users\Nimisha\Week16-cucumber-project-3-nopcommerce.demo-2_Nimishapatel/src/main/java/com/nopcommerce/demo/screenshots/User_should_login_successfully_with_valid_credentials20221219100128.png"><i class='material-icons'>panorama</i></a></li>
			</ul>
				<div class='pre'>skipped</div>
			
		</li>
	</ul>
</div>
					</div>
				</li>
				
				
				<li class='test displayed active has-leaf fail' status='fail' bdd='true' test-id='30'>
					<div class='test-heading'>
						<span class='test-name'>RegisterPageTest</span>
						<span class='test-time'>Dec 19, 2022 10:01:31 PM</span>
						<span class='test-status right fail'>fail</span>
					</div>
					<div class='test-content hide'>
<div class='scenario node' test-id='31' status='pass'>
	<span class='duration right label'>0h 0m 4s+542ms</span>
	<div class='desc'>
		<b>Scenario</b>
		<span class="desc-text">User should navigate to register page successfully</span>
	</div>
	<ul class='steps'>
		<li test-id='32' class='node given pass' status='pass'>
			
			<b>Given</b>
			
			<span class="bdd-step-name">Given User is on register page</span>
				<div class='pre'>passed</div>
			
		</li>
		<li test-id='33' class='node when pass' status='pass'>
			
			<b>When</b>
			
			<span class="bdd-step-name">When User click on register link</span>
				<div class='pre'>passed</div>
			
		</li>
		<li test-id='34' class='node then pass' status='pass'>
			
			<b>Then</b>
			
			<span class="bdd-step-name">Then I should navigate to Register page successfully</span>
				<div class='pre'>passed</div>
			
		</li>
	</ul>
</div>
<div class='scenario node' test-id='35' status='pass'>
	<span class='duration right label'>0h 0m 4s+21ms</span>
	<div class='desc'>
		<b>Scenario</b>
		<span class="desc-text">Verify the Firstname, Lastname, Email, Password and Confirm password fields</span>
	</div>
	<ul class='steps'>
		<li test-id='36' class='node given pass' status='pass'>
			
			<b>Given</b>
			
			<span class="bdd-step-name">Given User is on register page</span>
				<div class='pre'>passed</div>
			
		</li>
		<li test-id='37' class='node when pass' status='pass'>
			
			<b>When</b>
			
			<span class="bdd-step-name">When User click on register link</span>
				<div class='pre'>passed</div>
			
		</li>
		<li test-id='38' class='node and pass' status='pass'>
			
			<b>And</b>
			
			<span class="bdd-step-name">And User click on register button</span>
				<div class='pre'>passed</div>
			
		</li>
		<li test-id='39' class='node then pass' status='pass'>
			
			<b>Then</b>
			
			<span class="bdd-step-name">Then User should get the error message</span>
				<div class='pre'>passed</div>
			
		</li>
	</ul>
</div>
<div class='scenario node' test-id='40' status='fail'>
	<span class='duration right label'>0h 0m 44s+226ms</span>
	<div class='desc'>
		<b>Scenario</b>
		<span class="desc-text">User Should create account successfully</span>
	</div>
	<ul class='steps'>
		<li test-id='41' class='node given pass' status='pass'>
			
			<b>Given</b>
			
			<span class="bdd-step-name">Given User is on register page</span>
				<div class='pre'>passed</div>
			
		</li>
		<li test-id='42' class='node when pass' status='pass'>
			
			<b>When</b>
			
			<span class="bdd-step-name">When User click on register link</span>
				<div class='pre'>passed</div>
			
		</li>
		<li test-id='43' class='node and pass' status='pass'>
			
			<b>And</b>
			
			<span class="bdd-step-name">And User select gender "Female"</span>
				<div class='pre'>passed</div>
			
		</li>
		<li test-id='44' class='node and fail' status='fail'>
			
			<b>And</b>
			
			<span class="bdd-step-name">And User enter first name "Pari"</span>
				<div class='pre'><pre>org.openqa.selenium.NoSuchElementException: no such element: Unable to locate element: {"method":"css selector","selector":"#FirstName"}
  (Session info: chrome=108.0.5359.125)
For documentation on this error, please visit: https://selenium.dev/exceptions/#no_such_element
Build info: version: '4.6.0', revision: '79f1c02ae20'
System info: os.name: 'Windows 10', os.arch: 'amd64', os.version: '10.0', java.version: '11.0.13'
Driver info: org.openqa.selenium.chrome.ChromeDriver
Command: [61ac7cafe6b7801b647808d4011b1d53, findElement {using=id, value=FirstName}]
Capabilities {acceptInsecureCerts: false, browserName: chrome, browserVersion: 108.0.5359.125, chrome: {chromedriverVersion: 108.0.5359.71 (1e0e3868ee06..., userDataDir: C:\Users\Nimisha\AppData\Lo...}, goog:chromeOptions: {debuggerAddress: localhost:2487}, networkConnectionEnabled: false, pageLoadStrategy: normal, platformName: WINDOWS, proxy: Proxy(), se:cdp: ws://localhost:2487/devtool..., se:cdpVersion: 108.0.5359.125, setWindowRect: true, strictFileInteractability: false, timeouts: {implicit: 0, pageLoad: 300000, script: 30000}, unhandledPromptBehavior: dismiss and notify, webauthn:extension:credBlob: true, webauthn:extension:largeBlob: true, webauthn:virtualAuthenticators: true}
Session ID: 61ac7cafe6b7801b647808d4011b1d53
	at java.base/jdk.internal.reflect.NativeConstructorAccessorImpl.newInstance0(Native Method)
	at java.base/jdk.internal.reflect.NativeConstructorAccessorImpl.newInstance(NativeConstructorAccessorImpl.java:62)
	at java.base/jdk.internal.reflect.DelegatingConstructorAccessorImpl.newInstance(DelegatingConstructorAccessorImpl.java:45)
	at java.base/java.lang.reflect.Constructor.newInstance(Constructor.java:490)
	at org.openqa.selenium.remote.codec.w3c.W3CHttpResponseCodec.createException(W3CHttpResponseCodec.java:200)
	at org.openqa.selenium.remote.codec.w3c.W3CHttpResponseCodec.decode(W3CHttpResponseCodec.java:133)
	at org.openqa.selenium.remote.codec.w3c.W3CHttpResponseCodec.decode(W3CHttpResponseCodec.java:53)
	at org.openqa.selenium.remote.HttpCommandExecutor.execute(HttpCommandExecutor.java:184)
	at org.openqa.selenium.remote.service.DriverCommandExecutor.invokeExecute(DriverCommandExecutor.java:167)
	at org.openqa.selenium.remote.service.DriverCommandExecutor.execute(DriverCommandExecutor.java:142)
	at org.openqa.selenium.remote.RemoteWebDriver.execute(RemoteWebDriver.java:541)
	at org.openqa.selenium.remote.ElementLocation$ElementFinder$2.findElement(ElementLocation.java:162)
	at org.openqa.selenium.remote.ElementLocation.findElement(ElementLocation.java:66)
	at org.openqa.selenium.remote.RemoteWebDriver.findElement(RemoteWebDriver.java:365)
	at org.openqa.selenium.remote.RemoteWebDriver.findElement(RemoteWebDriver.java:357)
	at org.openqa.selenium.support.pagefactory.DefaultElementLocator.findElement(DefaultElementLocator.java:70)
	at org.openqa.selenium.support.pagefactory.internal.LocatingElementHandler.invoke(LocatingElementHandler.java:39)
	at com.sun.proxy.$Proxy26.sendKeys(Unknown Source)
	at com.nopcommerce.demo.utility.Utility.sendTextToElement(Utility.java:75)
	at com.nopcommerce.demo.pages.RegisterPage.enterFirstName(RegisterPage.java:100)
	at com.nopcommerce.demo.cucumber.steps.RegisterSteps.userEnterFirstName(RegisterSteps.java:39)
	at ✽.And User enter first name "Pari"(RegisterPageTest.feature:18)
</pre></div>
			
		</li>
		<li test-id='45' class='node and skip' status='skip'>
			
			<b>And</b>
			
			<span class="bdd-step-name">And User enter last name "Patel"</span>
				<div class='pre'>skipped</div>
			
		</li>
		<li test-id='46' class='node and skip' status='skip'>
			
			<b>And</b>
			
			<span class="bdd-step-name">And User select date of birth "14","May","1996"</span>
				<div class='pre'>skipped</div>
			
		</li>
		<li test-id='47' class='node and skip' status='skip'>
			
			<b>And</b>
			
			<span class="bdd-step-name">And User enter email "PariPatel1234@gmail.com"</span>
				<div class='pre'>skipped</div>
			
		</li>
		<li test-id='48' class='node and skip' status='skip'>
			
			<b>And</b>
			
			<span class="bdd-step-name">And User enter password "123456"</span>
				<div class='pre'>skipped</div>
			
		</li>
		<li test-id='49' class='node and skip' status='skip'>
			
			<b>And</b>
			
			<span class="bdd-step-name">And User enter confirm password "123456"</span>
				<div class='pre'>skipped</div>
			
		</li>
		<li test-id='50' class='node and skip' status='skip'>
			
			<b>And</b>
			
			<span class="bdd-step-name">And User click on register button</span>
				<div class='pre'>skipped</div>
			
		</li>
		<li test-id='51' class='node and skip' status='skip'>
			
			<b>And</b>
			
			<span class="bdd-step-name">And User should get the error message</span>
				<div class='pre'>skipped</div>
			
		</li>
		<li test-id='52' class='node then skip' status='skip'>
			
			<b>Then</b>
			
			<span class="bdd-step-name">Then User click on continue button</span>
			<ul class='screenshots right'>
				<li><a data-featherlight="image" href="C:\Users\Nimisha\Week16-cucumber-project-3-nopcommerce.demo-2_Nimishapatel/src/main/java/com/nopcommerce/demo/screenshots/User_Should_create_account_successfully20221219100226.png"><i class='material-icons'>panorama</i></a></li>
			</ul>
				<div class='pre'>skipped</div>
			
		</li>
	</ul>
</div>
					</div>
				</li>
			</ul>
		</div>
	</div>
	<!-- subview left -->

	<div class='subview-right left'>
		<div class='view-summary'>
			<h5 class='test-name'></h5>

			<div id='step-filters' class="right">
				<span class="blue-text" status="info" alt="info" title="info"><i class="material-icons">info_outline</i></span>
				<span class="green-text" status="pass" alt="pass" title="pass"><i class="material-icons">check_circle</i></span>
				<span class="red-text" status="fail" alt="fail" title="fail"><i class="material-icons">cancel</i></span>
				<span class="red-text text-darken-4" status="fatal" alt="fatal" title="fatal"><i class="material-icons">cancel</i></span>
				<span class="pink-text text-lighten-1" status="error" alt="error" title="error"><i class="material-icons">error</i></span>
				<span class="orange-text" alt="warning" status="warning" title="warning"><i class="material-icons">warning</i></span>
				<span class="teal-text" status="skip" alt="skip" title="skip"><i class="material-icons">redo</i></span>
				<span status="clear" alt="Clear filters" title="Clear filters"><i class="material-icons">clear</i></span>
			</div>
		</div>
	</div>
	<!-- subview right -->

</div>
<!-- test view -->
<div id='category-view' class='view hide'>

	<section id='controls'>
		<div class='controls grey lighten-4'>
			<!-- search -->
			<div class='chip transparent' alt='Search Tests' title='Search Tests'>
				<a href="#" class='search-div'>
					<i class='material-icons'>search</i> Search
				</a>
				
				<div class='input-field left hide'>
					<input id='search-tests' type='text' class='validate browser-default' placeholder='Search Tests...'>
				</div>
				
			</div>
			<!-- search -->
		</div>
	</section>

	<div class='subview-left left'>
		
		<div class='view-summary'>
			<h5>Categories</h3>
			<ul id='category-collection' class='category-collection'>
				
				<li class='category displayed active'>
					<div class='category-heading'>
						<span class='category-name'>@smoke</span>
						<span class='category-status right'>
							<span class='label pass'>1</span>
						</span>
					</div>
					<div class='category-content hide'>
						<div class='category-status-counts'>
							<span class='label green accent-4 white-text'>Passed: 1</span>
							
							
						</div>
					
						<div class='category-tests'>
							<table class='bordered table-results'>
								<thead>
									<tr>
										<th>Timestamp</th>
										<th>TestName</th>
										<th>Status</th>
									</tr>
								</thead>
								<tbody>
									<tr>
										<td>Dec 19, 2022 10:00:42 PM</td>
										<td class='linked' test-id='2'>Computer Test.User should navigate to computer successfully</td>
										<td><span class='test-status pass'>pass</span></td>
									</tr>
								</tbody>
							</table>
						</div>
					</div>
				</li>
				<li class='category displayed active'>
					<div class='category-heading'>
						<span class='category-name'>@regression</span>
						<span class='category-status right'>
							<span class='label pass'>3</span>
						</span>
					</div>
					<div class='category-content hide'>
						<div class='category-status-counts'>
							<span class='label green accent-4 white-text'>Passed: 3</span>
							
							
						</div>
					
						<div class='category-tests'>
							<table class='bordered table-results'>
								<thead>
									<tr>
										<th>Timestamp</th>
										<th>TestName</th>
										<th>Status</th>
									</tr>
								</thead>
								<tbody>
									<tr>
										<td>Dec 19, 2022 10:00:42 PM</td>
										<td class='linked' test-id='2'>Computer Test.User should navigate to computer successfully</td>
										<td><span class='test-status pass'>pass</span></td>
									</tr>
									<tr>
										<td>Dec 19, 2022 10:00:53 PM</td>
										<td class='linked' test-id='6'>Computer Test.User should navigate to desktops page successfully</td>
										<td><span class='test-status pass'>pass</span></td>
									</tr>
									<tr>
										<td>Dec 19, 2022 10:00:58 PM</td>
										<td class='linked' test-id='11'>Computer Test.User should buid your own computer and add to cart successfully</td>
										<td><span class='test-status pass'>pass</span></td>
									</tr>
								</tbody>
							</table>
						</div>
					</div>
				</li>
				<li class='category displayed active'>
					<div class='category-heading'>
						<span class='category-name'>@sanity</span>
						<span class='category-status right'>
							<span class='label pass'>1</span>
						</span>
					</div>
					<div class='category-content hide'>
						<div class='category-status-counts'>
							<span class='label green accent-4 white-text'>Passed: 1</span>
							
							
						</div>
					
						<div class='category-tests'>
							<table class='bordered table-results'>
								<thead>
									<tr>
										<th>Timestamp</th>
										<th>TestName</th>
										<th>Status</th>
									</tr>
								</thead>
								<tbody>
									<tr>
										<td>Dec 19, 2022 10:00:53 PM</td>
										<td class='linked' test-id='6'>Computer Test.User should navigate to desktops page successfully</td>
										<td><span class='test-status pass'>pass</span></td>
									</tr>
								</tbody>
							</table>
						</div>
					</div>
				</li>

			</ul>
		</div>
	</div>

	<div class='subview-right left'>
		<div class='view-summary'>
			<h5 class='category-name'></h5>
		</div>
	</div>
</div>
<!-- category view -->
<div id='exception-view' class='view hide'>

    <section id='controls'>
        <div class='controls grey lighten-4'>
            <!-- search -->
            <div class='chip transparent' alt='Search Tests' title='Search Tests'>
                <a href="#" class='search-div'>
                    <i class='material-icons'>search</i> Search
                </a>

                <div class='input-field left hide'>
                    <input id='search-tests' type='text' class='validate browser-default' placeholder='Search Tests...'>
                </div>

            </div>
            <!-- search -->
        </div>
    </section>

    <div class='subview-left left'>

        <div class='view-summary'>
            <h5>Exceptions</h3>
                <ul id='exception-collection' class='exception-collection'>

                        <li class='exception displayed active'>
                            <div class='exception-heading'>
                                <span class='exception-name'>org.openqa.selenium.NoSuchElementException</span>
                                <span class='exception-count right'><span class='label red lighten-1 white-text'>2</span></span>
                            </div>
                            <div class='exception-content hide'>
                                <div class='exception-tests'>
                                    <table class='bordered table-results'>
                                        <thead>
                                        <tr>
                                            <th>Timestamp</th>
                                            <th>TestName</th>
                                            <th>Status</th>
                                        </tr>
                                        </thead>
                                        <tbody>
                                                    <tr>
                                                        <td>Dec 19, 2022 10:01:08 PM</td>
                                                        <td class='linked' test-id='26'>Login Test.User should login successfully with valid credentials.When I enter email "primeeight@gmail.com"</td>
                                                        <td><pre><pre>org.openqa.selenium.NoSuchElementException: no such element: Unable to locate element: {"method":"css selector","selector":"#Email"}
  (Session info: chrome=108.0.5359.125)
For documentation on this error, please visit: https://selenium.dev/exceptions/#no_such_element
Build info: version: '4.6.0', revision: '79f1c02ae20'
System info: os.name: 'Windows 10', os.arch: 'amd64', os.version: '10.0', java.version: '11.0.13'
Driver info: org.openqa.selenium.chrome.ChromeDriver
Command: [91e77a8662d699a8c885cce25ff85de0, findElement {using=id, value=Email}]
Capabilities {acceptInsecureCerts: false, browserName: chrome, browserVersion: 108.0.5359.125, chrome: {chromedriverVersion: 108.0.5359.71 (1e0e3868ee06..., userDataDir: C:\Users\Nimisha\AppData\Lo...}, goog:chromeOptions: {debuggerAddress: localhost:2435}, networkConnectionEnabled: false, pageLoadStrategy: normal, platformName: WINDOWS, proxy: Proxy(), se:cdp: ws://localhost:2435/devtool..., se:cdpVersion: 108.0.5359.125, setWindowRect: true, strictFileInteractability: false, timeouts: {implicit: 0, pageLoad: 300000, script: 30000}, unhandledPromptBehavior: dismiss and notify, webauthn:extension:credBlob: true, webauthn:extension:largeBlob: true, webauthn:virtualAuthenticators: true}
Session ID: 91e77a8662d699a8c885cce25ff85de0
	at java.base/jdk.internal.reflect.NativeConstructorAccessorImpl.newInstance0(Native Method)
	at java.base/jdk.internal.reflect.NativeConstructorAccessorImpl.newInstance(NativeConstructorAccessorImpl.java:62)
	at java.base/jdk.internal.reflect.DelegatingConstructorAccessorImpl.newInstance(DelegatingConstructorAccessorImpl.java:45)
	at java.base/java.lang.reflect.Constructor.newInstance(Constructor.java:490)
	at org.openqa.selenium.remote.codec.w3c.W3CHttpResponseCodec.createException(W3CHttpResponseCodec.java:200)
	at org.openqa.selenium.remote.codec.w3c.W3CHttpResponseCodec.decode(W3CHttpResponseCodec.java:133)
	at org.openqa.selenium.remote.codec.w3c.W3CHttpResponseCodec.decode(W3CHttpResponseCodec.java:53)
	at org.openqa.selenium.remote.HttpCommandExecutor.execute(HttpCommandExecutor.java:184)
	at org.openqa.selenium.remote.service.DriverCommandExecutor.invokeExecute(DriverCommandExecutor.java:167)
	at org.openqa.selenium.remote.service.DriverCommandExecutor.execute(DriverCommandExecutor.java:142)
	at org.openqa.selenium.remote.RemoteWebDriver.execute(RemoteWebDriver.java:541)
	at org.openqa.selenium.remote.ElementLocation$ElementFinder$2.findElement(ElementLocation.java:162)
	at org.openqa.selenium.remote.ElementLocation.findElement(ElementLocation.java:66)
	at org.openqa.selenium.remote.RemoteWebDriver.findElement(RemoteWebDriver.java:365)
	at org.openqa.selenium.remote.RemoteWebDriver.findElement(RemoteWebDriver.java:357)
	at org.openqa.selenium.support.pagefactory.DefaultElementLocator.findElement(DefaultElementLocator.java:70)
	at org.openqa.selenium.support.pagefactory.internal.LocatingElementHandler.invoke(LocatingElementHandler.java:39)
	at com.sun.proxy.$Proxy26.sendKeys(Unknown Source)
	at com.nopcommerce.demo.utility.Utility.sendTextToElement(Utility.java:75)
	at com.nopcommerce.demo.pages.LoginPage.enterEmailId(LoginPage.java:51)
	at com.nopcommerce.demo.cucumber.steps.LoginStep.iEnterEmail(LoginStep.java:17)
	at ✽.When I enter email "primeeight@gmail.com"(LoginPageTest.feature:6)
</pre></pre></td>
                                                    </tr>
                                                    <tr>
                                                        <td>Dec 19, 2022 10:02:06 PM</td>
                                                        <td class='linked' test-id='44'>RegisterPageTest.User Should create account successfully.And User enter first name "Pari"</td>
                                                        <td><pre><pre>org.openqa.selenium.NoSuchElementException: no such element: Unable to locate element: {"method":"css selector","selector":"#FirstName"}
  (Session info: chrome=108.0.5359.125)
For documentation on this error, please visit: https://selenium.dev/exceptions/#no_such_element
Build info: version: '4.6.0', revision: '79f1c02ae20'
System info: os.name: 'Windows 10', os.arch: 'amd64', os.version: '10.0', java.version: '11.0.13'
Driver info: org.openqa.selenium.chrome.ChromeDriver
Command: [61ac7cafe6b7801b647808d4011b1d53, findElement {using=id, value=FirstName}]
Capabilities {acceptInsecureCerts: false, browserName: chrome, browserVersion: 108.0.5359.125, chrome: {chromedriverVersion: 108.0.5359.71 (1e0e3868ee06..., userDataDir: C:\Users\Nimisha\AppData\Lo...}, goog:chromeOptions: {debuggerAddress: localhost:2487}, networkConnectionEnabled: false, pageLoadStrategy: normal, platformName: WINDOWS, proxy: Proxy(), se:cdp: ws://localhost:2487/devtool..., se:cdpVersion: 108.0.5359.125, setWindowRect: true, strictFileInteractability: false, timeouts: {implicit: 0, pageLoad: 300000, script: 30000}, unhandledPromptBehavior: dismiss and notify, webauthn:extension:credBlob: true, webauthn:extension:largeBlob: true, webauthn:virtualAuthenticators: true}
Session ID: 61ac7cafe6b7801b647808d4011b1d53
	at java.base/jdk.internal.reflect.NativeConstructorAccessorImpl.newInstance0(Native Method)
	at java.base/jdk.internal.reflect.NativeConstructorAccessorImpl.newInstance(NativeConstructorAccessorImpl.java:62)
	at java.base/jdk.internal.reflect.DelegatingConstructorAccessorImpl.newInstance(DelegatingConstructorAccessorImpl.java:45)
	at java.base/java.lang.reflect.Constructor.newInstance(Constructor.java:490)
	at org.openqa.selenium.remote.codec.w3c.W3CHttpResponseCodec.createException(W3CHttpResponseCodec.java:200)
	at org.openqa.selenium.remote.codec.w3c.W3CHttpResponseCodec.decode(W3CHttpResponseCodec.java:133)
	at org.openqa.selenium.remote.codec.w3c.W3CHttpResponseCodec.decode(W3CHttpResponseCodec.java:53)
	at org.openqa.selenium.remote.HttpCommandExecutor.execute(HttpCommandExecutor.java:184)
	at org.openqa.selenium.remote.service.DriverCommandExecutor.invokeExecute(DriverCommandExecutor.java:167)
	at org.openqa.selenium.remote.service.DriverCommandExecutor.execute(DriverCommandExecutor.java:142)
	at org.openqa.selenium.remote.RemoteWebDriver.execute(RemoteWebDriver.java:541)
	at org.openqa.selenium.remote.ElementLocation$ElementFinder$2.findElement(ElementLocation.java:162)
	at org.openqa.selenium.remote.ElementLocation.findElement(ElementLocation.java:66)
	at org.openqa.selenium.remote.RemoteWebDriver.findElement(RemoteWebDriver.java:365)
	at org.openqa.selenium.remote.RemoteWebDriver.findElement(RemoteWebDriver.java:357)
	at org.openqa.selenium.support.pagefactory.DefaultElementLocator.findElement(DefaultElementLocator.java:70)
	at org.openqa.selenium.support.pagefactory.internal.LocatingElementHandler.invoke(LocatingElementHandler.java:39)
	at com.sun.proxy.$Proxy26.sendKeys(Unknown Source)
	at com.nopcommerce.demo.utility.Utility.sendTextToElement(Utility.java:75)
	at com.nopcommerce.demo.pages.RegisterPage.enterFirstName(RegisterPage.java:100)
	at com.nopcommerce.demo.cucumber.steps.RegisterSteps.userEnterFirstName(RegisterSteps.java:39)
	at ✽.And User enter first name "Pari"(RegisterPageTest.feature:18)
</pre></pre></td>
                                                    </tr>
                                        </tbody>
                                    </table>
                                </div>
                            </div>
                        </li>
                </ul>
        </div>
    </div>

    <div class='subview-right left'>
        <div class='view-summary'>
            <h5 class='exception-name'></h5>
        </div>
    </div>
</div>
<!-- exception view -->
<div id='dashboard-view' class='view hide'>
	<div class='card-panel transparent np-v'>
		<h5>Dashboard</h5>

		<div class='row'>
			<div class='col s2'>
				<div class='card-panel r'>
					Features
					<div class='panel-lead'>3</div>
				</div>
			</div>
			<div class='col s2'>
				<div class='card-panel r'>
					Scenarios
					<div class='panel-lead'>7</div>
				</div>
			</div>
			<div class='col s2'>
				<div class='card-panel r'>
					Steps
					<div class='panel-lead'>42</div>
				</div>
			</div>
			<div class='col s2'>
				<div class='card-panel r'>
					Start
					<div class='panel-lead'>Dec 19, 2022 10:00:42 PM</div>
				</div>
			</div>
			<div class='col s2'>
				<div class='card-panel r'>
			 		End
			 		<div class='panel-lead'>Dec 19, 2022 10:02:28 PM</div>
				</div>
			</div>
			<div class='col s2'>
				<div class='card-panel r'>
					Time Taken
					<div class='panel-lead'>105,689ms</div>
				</div>
			</div>
			<div class='col s4'>
				<div class='card-panel dashboard-environment'>
					<span class='right label cyan white-text'>Environment</span><p>&nbsp;</p>
					
					<table>
						<tr>
							<th>Name</th>
							<th>Value</th>
						</tr>
							<tr>
								<td>User Name</td>
								<td>Nimisha</td>
							</tr>
							<tr>
								<td>Time Zone</td>
								<td>Europe/London</td>
							</tr>
							<tr>
								<td>Machine</td>
								<td>Windows 1064 Bit</td>
							</tr>
							<tr>
								<td>Selenium</td>
								<td>3.141.59</td>
							</tr>
							<tr>
								<td>Maven</td>
								<td>3.5.9</td>
							</tr>
							<tr>
								<td>Java Version</td>
								<td>1.8.0_151</td>
							</tr>
					</table>
				</div>
			</div>
			<div class='col s6'>
				<div class='card-panel dashboard-categories'>
					<span class='right label cyan white-text'>Categories</span><p>&nbsp;</p>
					
					<table>
						<tr>
							<th>Name</th>
							<th>Passed</th>
							<th>Failed</th>
							<th>Others</th>
							<th>Passed %</th>
						</tr>
						<tr>
							<td>@smoke</td>
							<td>1</td>
							<td>0</td>
							<td>0</td>
							<td>
									100%
							</td>
						</tr>
						<tr>
							<td>@regression</td>
							<td>3</td>
							<td>0</td>
							<td>0</td>
							<td>
									100%
							</td>
						</tr>
						<tr>
							<td>@sanity</td>
							<td>1</td>
							<td>0</td>
							<td>0</td>
							<td>
									100%
							</td>
						</tr>
					</table>
				</div>
			</div>
		</div>
	</div>
</div>
<!-- dashboard view -->
<!-- testrunner-logs view -->
		</div>
		<!-- container -->

		<script>
			var statusGroup = {
				passParent: 1,
				failParent: 2,
				fatalParent: 0,
				errorParent: 0,
				warningParent: 0,
				skipParent: 0,
				exceptionsParent: 2,
				
				passChild: 5,
				failChild: 2,
				fatalChild: 0,
				errorChild: 0,
				warningChild: 0,
				skipChild: 0,
				infoChild: 0,
				exceptionsChild: 2,
				
				passGrandChild: 29,
				failGrandChild: 2,
				fatalGrandChild: 0,
				errorGrandChild: 0,
				warningGrandChild: 0,
				skipGrandChild: 11,
				infoGrandChild: 0,
				exceptionsGrandChild: 13,
			};
		</script>
		
			<script src='https://cdn.rawgit.com/anshooarora/extentreports-java/fca20fb7653aade98810546ab96a2a4360e3e712/dist/js/extent.js' type='text/javascript'></script>
		
		
 		<script type='text/javascript'>
 			
            
        $(document).ready(function() {

        });
      
        
 		</script>
	</body>
	
</html>
